12:02:29.344 [TestNG-tests-1] INFO  utils.Log - ++++++++++++++++++++++++++++++++++++
12:02:29.352 [TestNG-tests-1] INFO  utils.Log - +++ Started test case: loginTest
12:02:29.352 [TestNG-tests-1] INFO  utils.Log - ++++++++++++++++++++++++++++++++++++
12:02:29.353 [TestNG-tests-1] INFO  utils.Log - Start time: 2022.11.23.12.02.29
12:02:29.353 [TestNG-tests-1] INFO  utils.Log - ++++++++++++++++++++++++++++++++++++
12:02:30.862 [TestNG-tests-1] INFO  utils.Log - Called <waitForElementToBeVisible> on element <input type="text" class="woocommerce-Input woocommerce-Input--text input-text" name="username" id="username" autocomplete="username" value="">
12:02:30.931 [TestNG-tests-1] INFO  utils.Log - called <clear> on element <input type="text" class="woocommerce-Input woocommerce-Input--text input-text" name="username" id="username" autocomplete="username" value="">
12:02:31.001 [TestNG-tests-1] INFO  utils.Log - Called <sendKeys> on element <input type="text" class="woocommerce-Input woocommerce-Input--text input-text" name="username" id="username" autocomplete="username" value="">
12:02:31.119 [TestNG-tests-1] INFO  utils.Log - Called <waitForElementToBeVisible> on element <input class="woocommerce-Input woocommerce-Input--text input-text" type="password" name="password" id="password" autocomplete="current-password">
12:02:31.174 [TestNG-tests-1] INFO  utils.Log - called <clear> on element <input class="woocommerce-Input woocommerce-Input--text input-text" type="password" name="password" id="password" autocomplete="current-password">
12:02:31.251 [TestNG-tests-1] INFO  utils.Log - Called <sendKeys> on element <input class="woocommerce-Input woocommerce-Input--text input-text" type="password" name="password" id="password" autocomplete="current-password">
12:02:31.360 [TestNG-tests-1] INFO  utils.Log - Called method <click()> on element <button type="submit" class="woocommerce-button button woocommerce-form-login__submit" name="login" value="Log in">Log in</button>
12:02:31.382 [TestNG-tests-1] INFO  utils.Log - Called <waitForElementToBeClickable><button type="submit" class="woocommerce-button button woocommerce-form-login__submit" name="login" value="Log in">Log in</button>
12:02:32.742 [TestNG-tests-1] INFO  utils.Log - Called method <click()> on element <input id="dgwt-wcas-search-input-1" type="search" class="dgwt-wcas-search-input" name="s" value="" placeholder="Search for products..." autocomplete="off">
12:02:32.762 [TestNG-tests-1] INFO  utils.Log - Called <waitForElementToBeClickable><input id="dgwt-wcas-search-input-1" type="search" class="dgwt-wcas-search-input" name="s" value="" placeholder="Search for products..." autocomplete="off">
12:02:32.904 [TestNG-tests-1] INFO  utils.Log - Called <waitForElementToBeVisible> on element <input id="dgwt-wcas-search-input-1" type="search" class="dgwt-wcas-search-input" name="s" value="" placeholder="Search for products..." autocomplete="off">
12:02:32.946 [TestNG-tests-1] INFO  utils.Log - called <clear> on element <input id="dgwt-wcas-search-input-1" type="search" class="dgwt-wcas-search-input" name="s" value="" placeholder="Search for products..." autocomplete="off">
12:02:33.010 [TestNG-tests-1] INFO  utils.Log - Called <sendKeys> on element <input id="dgwt-wcas-search-input-1" type="search" class="dgwt-wcas-search-input" name="s" value="" placeholder="Search for products..." autocomplete="off">
12:02:49.152 [TestNG-tests-1] ERROR utils.Log - ++++++++++++++++++++++++++++++++++++
12:02:49.153 [TestNG-tests-1] ERROR utils.Log - +++ Failed test case: loginTest
12:02:49.153 [TestNG-tests-1] ERROR utils.Log - ++++++++++++++++++++++++++++++++++++
12:02:49.153 [TestNG-tests-1] ERROR utils.Log - End time: 2022.11.23.12.02.49
12:02:49.159 [TestNG-tests-1] ERROR utils.Log - org.openqa.selenium.NoSuchElementException: no such element: Unable to locate element: {"method":"css selector","selector":"li[class='woocommerce-MyAccount-navigation-link woocommerce-MyAccount-navigation-link--customer-logout']"}
  (Session info: chrome=105.0.5195.127)
For documentation on this error, please visit: https://selenium.dev/exceptions/#no_such_element
Build info: version: '4.4.0', revision: 'e5c75ed026a'
System info: host: 'SFTLCRPC085', ip: '192.168.101.119', os.name: 'Windows 10', os.arch: 'amd64', os.version: '10.0', java.version: '18.0.2'
Driver info: org.openqa.selenium.chrome.ChromeDriver
Command: [0ca3ccf75282fcfe2b297eec8eaa3145, findElement {using=css selector, value=li[class='woocommerce-MyAccount-navigation-link woocommerce-MyAccount-navigation-link--customer-logout']}]
Capabilities {acceptInsecureCerts: false, browserName: chrome, browserVersion: 105.0.5195.127, chrome: {chromedriverVersion: 105.0.5195.52 (412c95e51883..., userDataDir: C:\Users\CRISTI~1.UNG\AppDa...}, goog:chromeOptions: {debuggerAddress: localhost:55445}, networkConnectionEnabled: false, pageLoadStrategy: normal, platformName: WINDOWS, proxy: Proxy(), se:cdp: ws://localhost:55445/devtoo..., se:cdpVersion: 105.0.5195.127, setWindowRect: true, strictFileInteractability: false, timeouts: {implicit: 0, pageLoad: 300000, script: 30000}, unhandledPromptBehavior: dismiss and notify, webauthn:extension:credBlob: true, webauthn:extension:largeBlob: true, webauthn:virtualAuthenticators: true}
Session ID: 0ca3ccf75282fcfe2b297eec8eaa3145
12:02:49.160 [TestNG-tests-1] ERROR utils.Log - ++++++++++++++++++++++++++++++++++++
12:02:49.346 [TestNG-tests-1] ERROR utils.Log - could not save picture!
12:02:49.346 [TestNG-tests-1] ERROR utils.Log - screenshots\loginTest.png (The system cannot find the path specified)
