13:24:47.645 [TestNG-tests-1] INFO  utils.Log - ++++++++++++++++++++++++++++++++++++
13:24:47.649 [TestNG-tests-1] INFO  utils.Log - +++ Started test case: loginTest
13:24:47.649 [TestNG-tests-1] INFO  utils.Log - ++++++++++++++++++++++++++++++++++++
13:24:47.650 [TestNG-tests-1] INFO  utils.Log - Start time: 2022.11.23.13.24.47
13:24:47.650 [TestNG-tests-1] INFO  utils.Log - ++++++++++++++++++++++++++++++++++++
13:24:48.917 [TestNG-tests-1] INFO  utils.Log - Called <waitForElementToBeVisible> on element <input type="text" class="woocommerce-Input woocommerce-Input--text input-text" name="username" id="username" autocomplete="username" value="">
13:24:48.950 [TestNG-tests-1] INFO  utils.Log - called <clear> on element <input type="text" class="woocommerce-Input woocommerce-Input--text input-text" name="username" id="username" autocomplete="username" value="">
13:24:48.986 [TestNG-tests-1] INFO  utils.Log - Called <sendKeys> on element <input type="text" class="woocommerce-Input woocommerce-Input--text input-text" name="username" id="username" autocomplete="username" value="">
13:24:49.045 [TestNG-tests-1] INFO  utils.Log - Called <waitForElementToBeVisible> on element <input class="woocommerce-Input woocommerce-Input--text input-text" type="password" name="password" id="password" autocomplete="current-password">
13:24:49.071 [TestNG-tests-1] INFO  utils.Log - called <clear> on element <input class="woocommerce-Input woocommerce-Input--text input-text" type="password" name="password" id="password" autocomplete="current-password">
13:24:49.107 [TestNG-tests-1] INFO  utils.Log - Called <sendKeys> on element <input class="woocommerce-Input woocommerce-Input--text input-text" type="password" name="password" id="password" autocomplete="current-password">
13:24:49.172 [TestNG-tests-1] INFO  utils.Log - Called method <click()> on element <button type="submit" class="woocommerce-button button woocommerce-form-login__submit" name="login" value="Log in">Log in</button>
13:24:49.183 [TestNG-tests-1] INFO  utils.Log - Called <waitForElementToBeClickable><button type="submit" class="woocommerce-button button woocommerce-form-login__submit" name="login" value="Log in">Log in</button>
13:24:50.586 [TestNG-tests-1] INFO  utils.Log - Called method <click()> on element <input id="dgwt-wcas-search-input-1" type="search" class="dgwt-wcas-search-input" name="s" value="" placeholder="Search for products..." autocomplete="off">
13:24:50.596 [TestNG-tests-1] INFO  utils.Log - Called <waitForElementToBeClickable><input id="dgwt-wcas-search-input-1" type="search" class="dgwt-wcas-search-input" name="s" value="" placeholder="Search for products..." autocomplete="off">
13:24:50.678 [TestNG-tests-1] INFO  utils.Log - Called <waitForElementToBeVisible> on element <input id="dgwt-wcas-search-input-1" type="search" class="dgwt-wcas-search-input" name="s" value="" placeholder="Search for products..." autocomplete="off">
13:24:50.700 [TestNG-tests-1] INFO  utils.Log - called <clear> on element <input id="dgwt-wcas-search-input-1" type="search" class="dgwt-wcas-search-input" name="s" value="" placeholder="Search for products..." autocomplete="off">
13:24:50.731 [TestNG-tests-1] INFO  utils.Log - Called <sendKeys> on element <input id="dgwt-wcas-search-input-1" type="search" class="dgwt-wcas-search-input" name="s" value="" placeholder="Search for products..." autocomplete="off">
13:25:00.350 [TestNG-tests-1] ERROR utils.Log - ++++++++++++++++++++++++++++++++++++
13:25:00.350 [TestNG-tests-1] ERROR utils.Log - +++ Failed test case: loginTest
13:25:00.350 [TestNG-tests-1] ERROR utils.Log - ++++++++++++++++++++++++++++++++++++
13:25:00.350 [TestNG-tests-1] ERROR utils.Log - End time: 2022.11.23.13.25.00
13:25:00.353 [TestNG-tests-1] ERROR utils.Log - org.openqa.selenium.StaleElementReferenceException: stale element reference: element is not attached to the page document
  (Session info: chrome=105.0.5195.127)
For documentation on this error, please visit: https://selenium.dev/exceptions/#stale_element_reference
Build info: version: '4.4.0', revision: 'e5c75ed026a'
System info: host: 'SFTLCRPC085', ip: '192.168.101.119', os.name: 'Windows 10', os.arch: 'amd64', os.version: '10.0', java.version: '18.0.2'
Driver info: org.openqa.selenium.chrome.ChromeDriver
Command: [e3810c128a3b30f9e3a3984688b48afc, clickElement {id=8f28aaf0-118d-4b62-ad53-1b5448f81476}]
Capabilities {acceptInsecureCerts: false, browserName: chrome, browserVersion: 105.0.5195.127, chrome: {chromedriverVersion: 105.0.5195.52 (412c95e51883..., userDataDir: C:\Users\CRISTI~1.UNG\AppDa...}, goog:chromeOptions: {debuggerAddress: localhost:58898}, networkConnectionEnabled: false, pageLoadStrategy: normal, platformName: WINDOWS, proxy: Proxy(), se:cdp: ws://localhost:58898/devtoo..., se:cdpVersion: 105.0.5195.127, setWindowRect: true, strictFileInteractability: false, timeouts: {implicit: 0, pageLoad: 300000, script: 30000}, unhandledPromptBehavior: dismiss and notify, webauthn:extension:credBlob: true, webauthn:extension:largeBlob: true, webauthn:virtualAuthenticators: true}
Element: [[ChromeDriver: chrome on WINDOWS (e3810c128a3b30f9e3a3984688b48afc)] -> css selector: input[id='terms']]
Session ID: e3810c128a3b30f9e3a3984688b48afc
13:25:00.353 [TestNG-tests-1] ERROR utils.Log - ++++++++++++++++++++++++++++++++++++
13:25:00.518 [TestNG-tests-1] ERROR utils.Log - could not save picture!
13:25:00.519 [TestNG-tests-1] ERROR utils.Log - screenshots\loginTest.png (The system cannot find the path specified)
