14:28:56.415 [TestNG-tests-1] INFO  utils.Log - ++++++++++++++++++++++++++++++++++++
14:28:56.419 [TestNG-tests-1] INFO  utils.Log - +++ Started test case: loginTest
14:28:56.419 [TestNG-tests-1] INFO  utils.Log - ++++++++++++++++++++++++++++++++++++
14:28:56.420 [TestNG-tests-1] INFO  utils.Log - Start time: 2022.11.17.14.28.56
14:28:56.420 [TestNG-tests-1] INFO  utils.Log - ++++++++++++++++++++++++++++++++++++
14:28:57.698 [TestNG-tests-1] INFO  utils.Log - Called <waitForElementToBeVisible> on element <input type="text" class="woocommerce-Input woocommerce-Input--text input-text" name="username" id="username" autocomplete="username" value="">
14:28:57.732 [TestNG-tests-1] INFO  utils.Log - called <clear> on element <input type="text" class="woocommerce-Input woocommerce-Input--text input-text" name="username" id="username" autocomplete="username" value="">
14:28:57.767 [TestNG-tests-1] INFO  utils.Log - Called <sendKeys> on element <input type="text" class="woocommerce-Input woocommerce-Input--text input-text" name="username" id="username" autocomplete="username" value="">
14:28:57.828 [TestNG-tests-1] INFO  utils.Log - Called <waitForElementToBeVisible> on element <input class="woocommerce-Input woocommerce-Input--text input-text" type="password" name="password" id="password" autocomplete="current-password">
14:28:57.857 [TestNG-tests-1] INFO  utils.Log - called <clear> on element <input class="woocommerce-Input woocommerce-Input--text input-text" type="password" name="password" id="password" autocomplete="current-password">
14:28:57.902 [TestNG-tests-1] INFO  utils.Log - Called <sendKeys> on element <input class="woocommerce-Input woocommerce-Input--text input-text" type="password" name="password" id="password" autocomplete="current-password">
14:28:57.959 [TestNG-tests-1] INFO  utils.Log - Called method <click()> on element <button type="submit" class="woocommerce-button button woocommerce-form-login__submit" name="login" value="Log in">Log in</button>
14:28:57.971 [TestNG-tests-1] INFO  utils.Log - Called <waitForElementToBeClickable><button type="submit" class="woocommerce-button button woocommerce-form-login__submit" name="login" value="Log in">Log in</button>
14:28:59.165 [TestNG-tests-1] INFO  utils.Log - Called method <click()> on element <input id="dgwt-wcas-search-input-1" type="search" class="dgwt-wcas-search-input" name="s" value="" placeholder="Search for products..." autocomplete="off">
14:28:59.174 [TestNG-tests-1] INFO  utils.Log - Called <waitForElementToBeClickable><input id="dgwt-wcas-search-input-1" type="search" class="dgwt-wcas-search-input" name="s" value="" placeholder="Search for products..." autocomplete="off">
14:28:59.255 [TestNG-tests-1] INFO  utils.Log - Called <waitForElementToBeVisible> on element <input id="dgwt-wcas-search-input-1" type="search" class="dgwt-wcas-search-input" name="s" value="" placeholder="Search for products..." autocomplete="off">
14:28:59.274 [TestNG-tests-1] INFO  utils.Log - called <clear> on element <input id="dgwt-wcas-search-input-1" type="search" class="dgwt-wcas-search-input" name="s" value="" placeholder="Search for products..." autocomplete="off">
14:28:59.302 [TestNG-tests-1] INFO  utils.Log - Called <sendKeys> on element <input id="dgwt-wcas-search-input-1" type="search" class="dgwt-wcas-search-input" name="s" value="" placeholder="Search for products..." autocomplete="off">
14:29:03.977 [TestNG-tests-1] ERROR utils.Log - ++++++++++++++++++++++++++++++++++++
14:29:03.977 [TestNG-tests-1] ERROR utils.Log - +++ Failed test case: loginTest
14:29:03.977 [TestNG-tests-1] ERROR utils.Log - ++++++++++++++++++++++++++++++++++++
14:29:03.977 [TestNG-tests-1] ERROR utils.Log - End time: 2022.11.17.14.29.03
14:29:03.977 [TestNG-tests-1] ERROR utils.Log - java.lang.ClassCastException: class org.openqa.selenium.By$ByCssSelector cannot be cast to class org.openqa.selenium.WebElement (org.openqa.selenium.By$ByCssSelector and org.openqa.selenium.WebElement are in unnamed module of loader 'app')
14:29:03.977 [TestNG-tests-1] ERROR utils.Log - ++++++++++++++++++++++++++++++++++++
14:29:04.169 [TestNG-tests-1] ERROR utils.Log - could not save picture!
14:29:04.169 [TestNG-tests-1] ERROR utils.Log - screenshots\loginTest.png (The system cannot find the path specified)
